# JRE version: Java(TM) SE Runtime Environment (11.0.4+10) (build 11.0.4+10-LTS)
# Java VM: Java HotSpot(TM) 64-Bit Server VM (11.0.4+10-LTS, mixed mode, tiered, compressed oops, g1 gc, linux-amd64)
Heap:
 garbage-first heap   total 550912K, used 67144K [0x00000000c0000000, 0x0000000100000000)
  region size 1024K, 2 young (2048K), 2 survivors (2048K)
 Metaspace       used 43062K, capacity 45364K, committed 45672K, reserved 1089536K
  class space    used 4385K, capacity 5264K, committed 5304K, reserved 1048576K
GC Heap History (10 events):
Event: 31,777 GC heap after
{Heap after GC invocations=20 (full 0):
 garbage-first heap   total 131072K, used 51182K [0x00000000c0000000, 0x0000000100000000)
  region size 1024K, 6 young (6144K), 6 survivors (6144K)
 Metaspace       used 39961K, capacity 42038K, committed 42344K, reserved 1087488K
  class space    used 4021K, capacity 4898K, committed 5048K, reserved 1048576K
}
Event: 34,530 GC heap before
{Heap before GC invocations=21 (full 0):
 garbage-first heap   total 131072K, used 97262K [0x00000000c0000000, 0x0000000100000000)
  region size 1024K, 52 young (53248K), 6 survivors (6144K)
 Metaspace       used 42352K, capacity 44549K, committed 44904K, reserved 1089536K
  class space    used 4298K, capacity 5155K, committed 5304K, reserved 1048576K
}
Event: 34,674 GC heap after
{Heap after GC invocations=22 (full 0):
 garbage-first heap   total 218112K, used 56320K [0x00000000c0000000, 0x0000000100000000)
  region size 1024K, 5 young (5120K), 5 survivors (5120K)
 Metaspace       used 42352K, capacity 44549K, committed 44904K, reserved 1089536K
  class space    used 4298K, capacity 5155K, committed 5304K, reserved 1048576K
}
Event: 64,909 GC heap before
{Heap before GC invocations=22 (full 0):
 garbage-first heap   total 218112K, used 110592K [0x00000000c0000000, 0x0000000100000000)
  region size 1024K, 58 young (59392K), 5 survivors (5120K)
 Metaspace       used 43042K, capacity 45364K, committed 45672K, reserved 1089536K
  class space    used 4380K, capacity 5264K, committed 5304K, reserved 1048576K
}
Event: 76,138 GC heap after
{Heap after GC invocations=23 (full 0):
 garbage-first heap   total 218112K, used 62855K [0x00000000c0000000, 0x0000000100000000)
  region size 1024K, 7 young (7168K), 7 survivors (7168K)
 Metaspace       used 43042K, capacity 45364K, committed 45672K, reserved 1089536K
  class space    used 4380K, capacity 5264K, committed 5304K, reserved 1048576K
}
Event: 274,413 GC heap before
{Heap before GC invocations=23 (full 0):
 garbage-first heap   total 218112K, used 65927K [0x00000000c0000000, 0x0000000100000000)
  region size 1024K, 10 young (10240K), 7 survivors (7168K)
 Metaspace       used 43049K, capacity 45364K, committed 45672K, reserved 1089536K
  class space    used 4381K, capacity 5264K, committed 5304K, reserved 1048576K
}
Event: 342,319 GC heap after
{Heap after GC invocations=24 (full 0):
 garbage-first heap   total 218112K, used 63372K [0x00000000c0000000, 0x0000000100000000)
  region size 1024K, 1 young (1024K), 1 survivors (1024K)
 Metaspace       used 43049K, capacity 45364K, committed 45672K, reserved 1089536K
  class space    used 4381K, capacity 5264K, committed 5304K, reserved 1048576K
}
Event: 482,979 GC heap before
{Heap before GC invocations=24 (full 0):
 garbage-first heap   total 218112K, used 71564K [0x00000000c0000000, 0x0000000100000000)
  region size 1024K, 10 young (10240K), 1 survivors (1024K)
 Metaspace       used 43053K, capacity 45364K, committed 45672K, reserved 1089536K
  class space    used 4381K, capacity 5264K, committed 5304K, reserved 1048576K
}
Event: 547,669 GC heap after
{Heap after GC invocations=25 (full 0):
 garbage-first heap   total 218112K, used 64396K [0x00000000c0000000, 0x0000000100000000)
  region size 1024K, 2 young (2048K), 2 survivors (2048K)
 Metaspace       used 43053K, capacity 45364K, committed 45672K, reserved 1089536K
  class space    used 4381K, capacity 5264K, committed 5304K, reserved 1048576K
}
Event: 708,887 GC heap before
{Heap before GC invocations=25 (full 0):
 garbage-first heap   total 218112K, used 74636K [0x00000000c0000000, 0x0000000100000000)
  region size 1024K, 10 young (10240K), 2 survivors (2048K)
 Metaspace       used 43062K, capacity 45364K, committed 45672K, reserved 1089536K
  class space    used 4385K, capacity 5264K, committed 5304K, reserved 1048576K
}

