# JRE version: Java(TM) SE Runtime Environment (11.0.4+10) (build 11.0.4+10-LTS)
# Java VM: Java HotSpot(TM) 64-Bit Server VM (11.0.4+10-LTS, mixed mode, tiered, compressed oops, g1 gc, linux-amd64)
Heap:
 garbage-first heap   total 489472K, used 66858K [0x00000000c0000000, 0x0000000100000000)
  region size 1024K, 2 young (2048K), 2 survivors (2048K)
 Metaspace       used 43500K, capacity 45763K, committed 46080K, reserved 1089536K
  class space    used 4449K, capacity 5341K, committed 5376K, reserved 1048576K
GC Heap History (10 events):
Event: 28,847 GC heap after
{Heap after GC invocations=19 (full 0):
 garbage-first heap   total 128000K, used 51160K [0x00000000c0000000, 0x0000000100000000)
  region size 1024K, 7 young (7168K), 7 survivors (7168K)
 Metaspace       used 41855K, capacity 43871K, committed 44288K, reserved 1089536K
  class space    used 4247K, capacity 5066K, committed 5120K, reserved 1048576K
}
Event: 29,914 GC heap before
{Heap before GC invocations=20 (full 0):
 garbage-first heap   total 128000K, used 85976K [0x00000000c0000000, 0x0000000100000000)
  region size 1024K, 41 young (41984K), 7 survivors (7168K)
 Metaspace       used 43227K, capacity 45559K, committed 45824K, reserved 1089536K
  class space    used 4419K, capacity 5336K, committed 5376K, reserved 1048576K
}
Event: 30,007 GC heap after
{Heap after GC invocations=21 (full 0):
 garbage-first heap   total 191488K, used 55017K [0x00000000c0000000, 0x0000000100000000)
  region size 1024K, 4 young (4096K), 4 survivors (4096K)
 Metaspace       used 43227K, capacity 45559K, committed 45824K, reserved 1089536K
  class space    used 4419K, capacity 5336K, committed 5376K, reserved 1048576K
}
Event: 31,312 GC heap before
{Heap before GC invocations=21 (full 0):
 garbage-first heap   total 191488K, used 111337K [0x00000000c0000000, 0x0000000100000000)
  region size 1024K, 59 young (60416K), 4 survivors (4096K)
 Metaspace       used 43498K, capacity 45763K, committed 46080K, reserved 1089536K
  class space    used 4449K, capacity 5341K, committed 5376K, reserved 1048576K
}
Event: 31,527 GC heap after
{Heap after GC invocations=22 (full 0):
 garbage-first heap   total 191488K, used 60928K [0x00000000c0000000, 0x0000000100000000)
  region size 1024K, 8 young (8192K), 8 survivors (8192K)
 Metaspace       used 43498K, capacity 45763K, committed 46080K, reserved 1089536K
  class space    used 4449K, capacity 5341K, committed 5376K, reserved 1048576K
}
Event: 34,742 GC heap before
{Heap before GC invocations=22 (full 0):
 garbage-first heap   total 191488K, used 108032K [0x00000000c0000000, 0x0000000100000000)
  region size 1024K, 54 young (55296K), 8 survivors (8192K)
 Metaspace       used 43498K, capacity 45763K, committed 46080K, reserved 1089536K
  class space    used 4449K, capacity 5341K, committed 5376K, reserved 1048576K
}
Event: 35,696 GC heap after
{Heap after GC invocations=23 (full 0):
 garbage-first heap   total 191488K, used 65489K [0x00000000c0000000, 0x0000000100000000)
  region size 1024K, 5 young (5120K), 5 survivors (5120K)
 Metaspace       used 43498K, capacity 45763K, committed 46080K, reserved 1089536K
  class space    used 4449K, capacity 5341K, committed 5376K, reserved 1048576K
}
Event: 37,347 GC heap before
{Heap before GC invocations=23 (full 0):
 garbage-first heap   total 191488K, used 69585K [0x00000000c0000000, 0x0000000100000000)
  region size 1024K, 9 young (9216K), 5 survivors (5120K)
 Metaspace       used 43499K, capacity 45763K, committed 46080K, reserved 1089536K
  class space    used 4449K, capacity 5341K, committed 5376K, reserved 1048576K
}
Event: 38,396 GC heap after
{Heap after GC invocations=24 (full 0):
 garbage-first heap   total 191488K, used 66517K [0x00000000c0000000, 0x0000000100000000)
  region size 1024K, 1 young (1024K), 1 survivors (1024K)
 Metaspace       used 43499K, capacity 45763K, committed 46080K, reserved 1089536K
  class space    used 4449K, capacity 5341K, committed 5376K, reserved 1048576K
}
Event: 42,138 GC heap before
{Heap before GC invocations=24 (full 0):
 garbage-first heap   total 191488K, used 74709K [0x00000000c0000000, 0x0000000100000000)
  region size 1024K, 9 young (9216K), 1 survivors (1024K)
 Metaspace       used 43500K, capacity 45763K, committed 46080K, reserved 1089536K
  class space    used 4449K, capacity 5341K, committed 5376K, reserved 1048576K
}

