# JRE version: Java(TM) SE Runtime Environment (11.0.4+10) (build 11.0.4+10-LTS)
# Java VM: Java HotSpot(TM) 64-Bit Server VM (11.0.4+10-LTS, mixed mode, tiered, compressed oops, g1 gc, linux-amd64)
Heap:
 garbage-first heap   total 748544K, used 227328K [0x00000000c0000000, 0x0000000100000000)
  region size 1024K, 4 young (4096K), 4 survivors (4096K)
 Metaspace       used 55089K, capacity 57814K, committed 58148K, reserved 1099776K
  class space    used 6325K, capacity 7355K, committed 7424K, reserved 1048576K
GC Heap History (10 events):
Event: 164,775 GC heap after
{Heap after GC invocations=49 (full 0):
 garbage-first heap   total 482304K, used 172049K [0x00000000c0000000, 0x0000000100000000)
  region size 1024K, 2 young (2048K), 2 survivors (2048K)
 Metaspace       used 54804K, capacity 57503K, committed 57636K, reserved 1099776K
  class space    used 6314K, capacity 7346K, committed 7424K, reserved 1048576K
}
Event: 165,893 GC heap before
{Heap before GC invocations=49 (full 0):
 garbage-first heap   total 482304K, used 192529K [0x00000000c0000000, 0x0000000100000000)
  region size 1024K, 23 young (23552K), 2 survivors (2048K)
 Metaspace       used 54913K, capacity 57649K, committed 57892K, reserved 1099776K
  class space    used 6317K, capacity 7349K, committed 7424K, reserved 1048576K
}
Event: 166,204 GC heap after
{Heap after GC invocations=50 (full 0):
 garbage-first heap   total 595968K, used 172905K [0x00000000c0000000, 0x0000000100000000)
  region size 1024K, 1 young (1024K), 1 survivors (1024K)
 Metaspace       used 54913K, capacity 57649K, committed 57892K, reserved 1099776K
  class space    used 6317K, capacity 7349K, committed 7424K, reserved 1048576K
}
Event: 167,877 GC heap before
{Heap before GC invocations=50 (full 0):
 garbage-first heap   total 595968K, used 200553K [0x00000000c0000000, 0x0000000100000000)
  region size 1024K, 29 young (29696K), 1 survivors (1024K)
 Metaspace       used 55014K, capacity 57686K, committed 57892K, reserved 1099776K
  class space    used 6324K, capacity 7355K, committed 7424K, reserved 1048576K
}
Event: 167,994 GC heap after
{Heap after GC invocations=51 (full 0):
 garbage-first heap   total 595968K, used 173248K [0x00000000c0000000, 0x0000000100000000)
  region size 1024K, 2 young (2048K), 2 survivors (2048K)
 Metaspace       used 55014K, capacity 57686K, committed 57892K, reserved 1099776K
  class space    used 6324K, capacity 7355K, committed 7424K, reserved 1048576K
}
Event: 172,758 GC heap before
{Heap before GC invocations=51 (full 0):
 garbage-first heap   total 595968K, used 200896K [0x00000000c0000000, 0x0000000100000000)
  region size 1024K, 29 young (29696K), 2 survivors (2048K)
 Metaspace       used 55065K, capacity 57814K, committed 58148K, reserved 1099776K
  class space    used 6325K, capacity 7355K, committed 7424K, reserved 1048576K
}
Event: 173,360 GC heap after
{Heap after GC invocations=52 (full 0):
 garbage-first heap   total 595968K, used 178176K [0x00000000c0000000, 0x0000000100000000)
  region size 1024K, 4 young (4096K), 4 survivors (4096K)
 Metaspace       used 55065K, capacity 57814K, committed 58148K, reserved 1099776K
  class space    used 6325K, capacity 7355K, committed 7424K, reserved 1048576K
}
Event: 178,424 GC heap before
{Heap before GC invocations=52 (full 0):
 garbage-first heap   total 595968K, used 210944K [0x00000000c0000000, 0x0000000100000000)
  region size 1024K, 29 young (29696K), 4 survivors (4096K)
 Metaspace       used 55066K, capacity 57814K, committed 58148K, reserved 1099776K
  class space    used 6325K, capacity 7355K, committed 7424K, reserved 1048576K
}
Event: 179,943 GC heap after
{Heap after GC invocations=53 (full 0):
 garbage-first heap   total 595968K, used 205238K [0x00000000c0000000, 0x0000000100000000)
  region size 1024K, 4 young (4096K), 4 survivors (4096K)
 Metaspace       used 55066K, capacity 57814K, committed 58148K, reserved 1099776K
  class space    used 6325K, capacity 7355K, committed 7424K, reserved 1048576K
}
Event: 315,839 GC heap before
{Heap before GC invocations=53 (full 0):
 garbage-first heap   total 595968K, used 233910K [0x00000000c0000000, 0x0000000100000000)
  region size 1024K, 29 young (29696K), 4 survivors (4096K)
 Metaspace       used 55089K, capacity 57814K, committed 58148K, reserved 1099776K
  class space    used 6325K, capacity 7355K, committed 7424K, reserved 1048576K
}

