# JRE version: Java(TM) SE Runtime Environment (11.0.4+10) (build 11.0.4+10-LTS)
# Java VM: Java HotSpot(TM) 64-Bit Server VM (11.0.4+10-LTS, mixed mode, tiered, compressed oops, g1 gc, linux-amd64)
Heap:
 garbage-first heap   total 655360K, used 159912K [0x00000000c0000000, 0x0000000100000000)
  region size 1024K, 3 young (3072K), 3 survivors (3072K)
 Metaspace       used 54950K, capacity 57631K, committed 57704K, reserved 1099776K
  class space    used 6319K, capacity 7355K, committed 7372K, reserved 1048576K
GC Heap History (10 events):
Event: 85,133 GC heap after
{Heap after GC invocations=39 (full 0):
 garbage-first heap   total 499712K, used 149183K [0x00000000c0000000, 0x0000000100000000)
  region size 1024K, 3 young (3072K), 3 survivors (3072K)
 Metaspace       used 54844K, capacity 57542K, committed 57704K, reserved 1099776K
  class space    used 6314K, capacity 7351K, committed 7372K, reserved 1048576K
}
Event: 85,851 GC heap before
{Heap before GC invocations=39 (full 0):
 garbage-first heap   total 499712K, used 170687K [0x00000000c0000000, 0x0000000100000000)
  region size 1024K, 24 young (24576K), 3 survivors (3072K)
 Metaspace       used 54934K, capacity 57631K, committed 57704K, reserved 1099776K
  class space    used 6319K, capacity 7355K, committed 7372K, reserved 1048576K
}
Event: 85,947 GC heap after
{Heap after GC invocations=40 (full 0):
 garbage-first heap   total 499712K, used 151000K [0x00000000c0000000, 0x0000000100000000)
  region size 1024K, 2 young (2048K), 2 survivors (2048K)
 Metaspace       used 54934K, capacity 57631K, committed 57704K, reserved 1099776K
  class space    used 6319K, capacity 7355K, committed 7372K, reserved 1048576K
}
Event: 86,774 GC heap before
{Heap before GC invocations=40 (full 0):
 garbage-first heap   total 499712K, used 173528K [0x00000000c0000000, 0x0000000100000000)
  region size 1024K, 24 young (24576K), 2 survivors (2048K)
 Metaspace       used 54938K, capacity 57631K, committed 57704K, reserved 1099776K
  class space    used 6319K, capacity 7355K, committed 7372K, reserved 1048576K
}
Event: 86,920 GC heap after
{Heap after GC invocations=41 (full 0):
 garbage-first heap   total 499712K, used 153207K [0x00000000c0000000, 0x0000000100000000)
  region size 1024K, 3 young (3072K), 3 survivors (3072K)
 Metaspace       used 54938K, capacity 57631K, committed 57704K, reserved 1099776K
  class space    used 6319K, capacity 7355K, committed 7372K, reserved 1048576K
}
Event: 87,331 GC heap before
{Heap before GC invocations=41 (full 0):
 garbage-first heap   total 499712K, used 174711K [0x00000000c0000000, 0x0000000100000000)
  region size 1024K, 24 young (24576K), 3 survivors (3072K)
 Metaspace       used 54938K, capacity 57631K, committed 57704K, reserved 1099776K
  class space    used 6319K, capacity 7355K, committed 7372K, reserved 1048576K
}
Event: 87,430 GC heap after
{Heap after GC invocations=42 (full 0):
 garbage-first heap   total 499712K, used 155191K [0x00000000c0000000, 0x0000000100000000)
  region size 1024K, 2 young (2048K), 2 survivors (2048K)
 Metaspace       used 54938K, capacity 57631K, committed 57704K, reserved 1099776K
  class space    used 6319K, capacity 7355K, committed 7372K, reserved 1048576K
}
Event: 88,154 GC heap before
{Heap before GC invocations=42 (full 0):
 garbage-first heap   total 499712K, used 177719K [0x00000000c0000000, 0x0000000100000000)
  region size 1024K, 24 young (24576K), 2 survivors (2048K)
 Metaspace       used 54940K, capacity 57631K, committed 57704K, reserved 1099776K
  class space    used 6319K, capacity 7355K, committed 7372K, reserved 1048576K
}
Event: 88,244 GC heap after
{Heap after GC invocations=43 (full 0):
 garbage-first heap   total 499712K, used 157707K [0x00000000c0000000, 0x0000000100000000)
  region size 1024K, 3 young (3072K), 3 survivors (3072K)
 Metaspace       used 54940K, capacity 57631K, committed 57704K, reserved 1099776K
  class space    used 6319K, capacity 7355K, committed 7372K, reserved 1048576K
}
Event: 88,785 GC heap before
{Heap before GC invocations=43 (full 0):
 garbage-first heap   total 499712K, used 179211K [0x00000000c0000000, 0x0000000100000000)
  region size 1024K, 24 young (24576K), 3 survivors (3072K)
 Metaspace       used 54950K, capacity 57631K, committed 57704K, reserved 1099776K
  class space    used 6319K, capacity 7355K, committed 7372K, reserved 1048576K
}

