# JRE version: Java(TM) SE Runtime Environment (11.0.4+10) (build 11.0.4+10-LTS)
# Java VM: Java HotSpot(TM) 64-Bit Server VM (11.0.4+10-LTS, mixed mode, tiered, compressed oops, g1 gc, linux-amd64)
Heap:
 garbage-first heap   total 541696K, used 60144K [0x00000000c0000000, 0x0000000100000000)
  region size 1024K, 2 young (2048K), 2 survivors (2048K)
 Metaspace       used 44203K, capacity 46547K, committed 47056K, reserved 1091584K
  class space    used 4506K, capacity 5391K, committed 5504K, reserved 1048576K
GC Heap History (10 events):
Event: 43,225 GC heap after
{Heap after GC invocations=18 (full 0):
 garbage-first heap   total 146432K, used 47059K [0x00000000c0000000, 0x0000000100000000)
  region size 1024K, 5 young (5120K), 5 survivors (5120K)
 Metaspace       used 43251K, capacity 45474K, committed 45776K, reserved 1089536K
  class space    used 4393K, capacity 5244K, committed 5248K, reserved 1048576K
}
Event: 44,757 GC heap before
{Heap before GC invocations=18 (full 0):
 garbage-first heap   total 146432K, used 86995K [0x00000000c0000000, 0x0000000100000000)
  region size 1024K, 44 young (45056K), 5 survivors (5120K)
 Metaspace       used 43582K, capacity 45838K, committed 46160K, reserved 1089536K
  class space    used 4417K, capacity 5280K, committed 5376K, reserved 1048576K
}
Event: 44,920 GC heap after
{Heap after GC invocations=19 (full 0):
 garbage-first heap   total 202752K, used 51880K [0x00000000c0000000, 0x0000000100000000)
  region size 1024K, 5 young (5120K), 5 survivors (5120K)
 Metaspace       used 43582K, capacity 45838K, committed 46160K, reserved 1089536K
  class space    used 4417K, capacity 5280K, committed 5376K, reserved 1048576K
}
Event: 67,157 GC heap before
{Heap before GC invocations=19 (full 0):
 garbage-first heap   total 202752K, used 103080K [0x00000000c0000000, 0x0000000100000000)
  region size 1024K, 54 young (55296K), 5 survivors (5120K)
 Metaspace       used 44039K, capacity 46355K, committed 46800K, reserved 1091584K
  class space    used 4484K, capacity 5391K, committed 5504K, reserved 1048576K
}
Event: 77,849 GC heap after
{Heap after GC invocations=20 (full 0):
 garbage-first heap   total 202752K, used 57656K [0x00000000c0000000, 0x0000000100000000)
  region size 1024K, 5 young (5120K), 5 survivors (5120K)
 Metaspace       used 44039K, capacity 46355K, committed 46800K, reserved 1091584K
  class space    used 4484K, capacity 5391K, committed 5504K, reserved 1048576K
}
Event: 89,126 GC heap before
{Heap before GC invocations=20 (full 0):
 garbage-first heap   total 202752K, used 60728K [0x00000000c0000000, 0x0000000100000000)
  region size 1024K, 9 young (9216K), 5 survivors (5120K)
 Metaspace       used 44054K, capacity 46355K, committed 46800K, reserved 1091584K
  class space    used 4487K, capacity 5391K, committed 5504K, reserved 1048576K
}
Event: 89,508 GC heap after
{Heap after GC invocations=21 (full 0):
 garbage-first heap   total 202752K, used 59117K [0x00000000c0000000, 0x0000000100000000)
  region size 1024K, 1 young (1024K), 1 survivors (1024K)
 Metaspace       used 44054K, capacity 46355K, committed 46800K, reserved 1091584K
  class space    used 4487K, capacity 5391K, committed 5504K, reserved 1048576K
}
Event: 90,048 GC heap before
{Heap before GC invocations=21 (full 0):
 garbage-first heap   total 202752K, used 66285K [0x00000000c0000000, 0x0000000100000000)
  region size 1024K, 9 young (9216K), 1 survivors (1024K)
 Metaspace       used 44170K, capacity 46483K, committed 46800K, reserved 1091584K
  class space    used 4502K, capacity 5391K, committed 5504K, reserved 1048576K
}
Event: 90,252 GC heap after
{Heap after GC invocations=22 (full 0):
 garbage-first heap   total 202752K, used 59632K [0x00000000c0000000, 0x0000000100000000)
  region size 1024K, 2 young (2048K), 2 survivors (2048K)
 Metaspace       used 44170K, capacity 46483K, committed 46800K, reserved 1091584K
  class space    used 4502K, capacity 5391K, committed 5504K, reserved 1048576K
}
Event: 90,728 GC heap before
{Heap before GC invocations=22 (full 0):
 garbage-first heap   total 202752K, used 65776K [0x00000000c0000000, 0x0000000100000000)
  region size 1024K, 9 young (9216K), 2 survivors (2048K)
 Metaspace       used 44203K, capacity 46547K, committed 47056K, reserved 1091584K
  class space    used 4506K, capacity 5391K, committed 5504K, reserved 1048576K
}

