# JRE version: Java(TM) SE Runtime Environment (11.0.4+10) (build 11.0.4+10-LTS)
# Java VM: Java HotSpot(TM) 64-Bit Server VM (11.0.4+10-LTS, mixed mode, tiered, compressed oops, g1 gc, linux-amd64)
Heap:
 garbage-first heap   total 466944K, used 56847K [0x00000000c0000000, 0x0000000100000000)
  region size 1024K, 2 young (2048K), 2 survivors (2048K)
 Metaspace       used 43414K, capacity 45629K, committed 45904K, reserved 1089536K
  class space    used 4411K, capacity 5274K, committed 5376K, reserved 1048576K
GC Heap History (10 events):
Event: 79,556 GC heap after
{Heap after GC invocations=22 (full 0):
 garbage-first heap   total 145408K, used 47871K [0x00000000c0000000, 0x0000000100000000)
  region size 1024K, 4 young (4096K), 4 survivors (4096K)
 Metaspace       used 43047K, capacity 45230K, committed 45520K, reserved 1089536K
  class space    used 4384K, capacity 5205K, committed 5248K, reserved 1048576K
}
Event: 81,871 GC heap before
{Heap before GC invocations=22 (full 0):
 garbage-first heap   total 145408K, used 91903K [0x00000000c0000000, 0x0000000100000000)
  region size 1024K, 47 young (48128K), 4 survivors (4096K)
 Metaspace       used 43388K, capacity 45626K, committed 45904K, reserved 1089536K
  class space    used 4410K, capacity 5273K, committed 5376K, reserved 1048576K
}
Event: 82,527 GC heap after
{Heap after GC invocations=23 (full 0):
 garbage-first heap   total 187392K, used 52989K [0x00000000c0000000, 0x0000000100000000)
  region size 1024K, 5 young (5120K), 5 survivors (5120K)
 Metaspace       used 43388K, capacity 45626K, committed 45904K, reserved 1089536K
  class space    used 4410K, capacity 5273K, committed 5376K, reserved 1048576K
}
Event: 82,918 GC heap before
{Heap before GC invocations=23 (full 0):
 garbage-first heap   total 187392K, used 56061K [0x00000000c0000000, 0x0000000100000000)
  region size 1024K, 9 young (9216K), 5 survivors (5120K)
 Metaspace       used 43388K, capacity 45626K, committed 45904K, reserved 1089536K
  class space    used 4410K, capacity 5273K, committed 5376K, reserved 1048576K
}
Event: 83,403 GC heap after
{Heap after GC invocations=24 (full 0):
 garbage-first heap   total 187392K, used 53882K [0x00000000c0000000, 0x0000000100000000)
  region size 1024K, 1 young (1024K), 1 survivors (1024K)
 Metaspace       used 43388K, capacity 45626K, committed 45904K, reserved 1089536K
  class space    used 4410K, capacity 5273K, committed 5376K, reserved 1048576K
}
Event: 84,118 GC heap before
{Heap before GC invocations=24 (full 0):
 garbage-first heap   total 187392K, used 62074K [0x00000000c0000000, 0x0000000100000000)
  region size 1024K, 9 young (9216K), 1 survivors (1024K)
 Metaspace       used 43392K, capacity 45626K, committed 45904K, reserved 1089536K
  class space    used 4410K, capacity 5273K, committed 5376K, reserved 1048576K
}
Event: 84,573 GC heap after
{Heap after GC invocations=25 (full 0):
 garbage-first heap   total 187392K, used 54141K [0x00000000c0000000, 0x0000000100000000)
  region size 1024K, 2 young (2048K), 2 survivors (2048K)
 Metaspace       used 43392K, capacity 45626K, committed 45904K, reserved 1089536K
  class space    used 4410K, capacity 5273K, committed 5376K, reserved 1048576K
}
Event: 85,596 GC heap before
{Heap before GC invocations=25 (full 0):
 garbage-first heap   total 187392K, used 60285K [0x00000000c0000000, 0x0000000100000000)
  region size 1024K, 9 young (9216K), 2 survivors (2048K)
 Metaspace       used 43411K, capacity 45626K, committed 45904K, reserved 1089536K
  class space    used 4410K, capacity 5273K, committed 5376K, reserved 1048576K
}
Event: 86,387 GC heap after
{Heap after GC invocations=26 (full 0):
 garbage-first heap   total 187392K, used 54769K [0x00000000c0000000, 0x0000000100000000)
  region size 1024K, 2 young (2048K), 2 survivors (2048K)
 Metaspace       used 43411K, capacity 45626K, committed 45904K, reserved 1089536K
  class space    used 4410K, capacity 5273K, committed 5376K, reserved 1048576K
}
Event: 90,006 GC heap before
{Heap before GC invocations=26 (full 0):
 garbage-first heap   total 187392K, used 62961K [0x00000000c0000000, 0x0000000100000000)
  region size 1024K, 9 young (9216K), 2 survivors (2048K)
 Metaspace       used 43414K, capacity 45629K, committed 45904K, reserved 1089536K
  class space    used 4411K, capacity 5274K, committed 5376K, reserved 1048576K
}

