# JRE version: Java(TM) SE Runtime Environment (11.0.4+10) (build 11.0.4+10-LTS)
# Java VM: Java HotSpot(TM) 64-Bit Server VM (11.0.4+10-LTS, mixed mode, tiered, compressed oops, g1 gc, linux-amd64)
Heap:
 garbage-first heap   total 391168K, used 42868K [0x00000000c0000000, 0x0000000100000000)
  region size 1024K, 2 young (2048K), 2 survivors (2048K)
 Metaspace       used 38588K, capacity 40662K, committed 41008K, reserved 1085440K
  class space    used 3984K, capacity 4727K, committed 4736K, reserved 1048576K
GC Heap History (10 events):
Event: 70,937 GC heap after
{Heap after GC invocations=21 (full 0):
 garbage-first heap   total 222208K, used 37745K [0x00000000c0000000, 0x0000000100000000)
  region size 1024K, 1 young (1024K), 1 survivors (1024K)
 Metaspace       used 37484K, capacity 39507K, committed 39856K, reserved 1085440K
  class space    used 3820K, capacity 4518K, committed 4608K, reserved 1048576K
}
Event: 72,314 GC heap before
{Heap before GC invocations=21 (full 0):
 garbage-first heap   total 222208K, used 45937K [0x00000000c0000000, 0x0000000100000000)
  region size 1024K, 10 young (10240K), 1 survivors (1024K)
 Metaspace       used 37723K, capacity 39757K, committed 40240K, reserved 1085440K
  class space    used 3875K, capacity 4623K, committed 4736K, reserved 1048576K
}
Event: 72,813 GC heap after
{Heap after GC invocations=22 (full 0):
 garbage-first heap   total 222208K, used 38735K [0x00000000c0000000, 0x0000000100000000)
  region size 1024K, 2 young (2048K), 2 survivors (2048K)
 Metaspace       used 37723K, capacity 39757K, committed 40240K, reserved 1085440K
  class space    used 3875K, capacity 4623K, committed 4736K, reserved 1048576K
}
Event: 74,821 GC heap before
{Heap before GC invocations=22 (full 0):
 garbage-first heap   total 222208K, used 45903K [0x00000000c0000000, 0x0000000100000000)
  region size 1024K, 10 young (10240K), 2 survivors (2048K)
 Metaspace       used 37878K, capacity 39885K, committed 40240K, reserved 1085440K
  class space    used 3892K, capacity 4623K, committed 4736K, reserved 1048576K
}
Event: 74,920 GC heap after
{Heap after GC invocations=23 (full 0):
 garbage-first heap   total 222208K, used 40368K [0x00000000c0000000, 0x0000000100000000)
  region size 1024K, 2 young (2048K), 2 survivors (2048K)
 Metaspace       used 37878K, capacity 39885K, committed 40240K, reserved 1085440K
  class space    used 3892K, capacity 4623K, committed 4736K, reserved 1048576K
}
Event: 75,884 GC heap before
{Heap before GC invocations=23 (full 0):
 garbage-first heap   total 222208K, used 48560K [0x00000000c0000000, 0x0000000100000000)
  region size 1024K, 10 young (10240K), 2 survivors (2048K)
 Metaspace       used 38196K, capacity 40211K, committed 40496K, reserved 1085440K
  class space    used 3937K, capacity 4688K, committed 4736K, reserved 1048576K
}
Event: 76,106 GC heap after
{Heap after GC invocations=24 (full 0):
 garbage-first heap   total 222208K, used 41037K [0x00000000c0000000, 0x0000000100000000)
  region size 1024K, 2 young (2048K), 2 survivors (2048K)
 Metaspace       used 38196K, capacity 40211K, committed 40496K, reserved 1085440K
  class space    used 3937K, capacity 4688K, committed 4736K, reserved 1048576K
}
Event: 77,155 GC heap before
{Heap before GC invocations=24 (full 0):
 garbage-first heap   total 222208K, used 49229K [0x00000000c0000000, 0x0000000100000000)
  region size 1024K, 10 young (10240K), 2 survivors (2048K)
 Metaspace       used 38379K, capacity 40469K, committed 40752K, reserved 1085440K
  class space    used 3956K, capacity 4689K, committed 4736K, reserved 1048576K
}
Event: 77,471 GC heap after
{Heap after GC invocations=25 (full 0):
 garbage-first heap   total 222208K, used 41867K [0x00000000c0000000, 0x0000000100000000)
  region size 1024K, 2 young (2048K), 2 survivors (2048K)
 Metaspace       used 38379K, capacity 40469K, committed 40752K, reserved 1085440K
  class space    used 3956K, capacity 4689K, committed 4736K, reserved 1048576K
}
Event: 78,763 GC heap before
{Heap before GC invocations=25 (full 0):
 garbage-first heap   total 222208K, used 50059K [0x00000000c0000000, 0x0000000100000000)
  region size 1024K, 10 young (10240K), 2 survivors (2048K)
 Metaspace       used 38588K, capacity 40662K, committed 41008K, reserved 1085440K
  class space    used 3984K, capacity 4727K, committed 4736K, reserved 1048576K
}

